therion 6.1.2 (2022-07-11)
  - using Proj 9.1.1, compiled against 9.1.1
checking optional fonts csr10 csti10 csbx10 csss10 csssi10 ... OK
checking optional fonts cmcyr10 cmcti10 cmcbx10 cmcss10 cmcssi10 ... OK
configuration file: thconfig.thcfg
reading ... done
reading source files ... done
preprocessing database ... done
output coordinate system: UTM16
meridian convergence (deg): -0.1850
geomag declinations (deg):
  2023.1.1  -4.0994
  2024.1.1  -4.1605
scanning centreline tree ... done
searching for centerline loops ... done
calculating station coordinates ... done
average loop error: 1.03%
processing survey data ... 
####################### cavern log file ########################
 1> Survex 1.4.3
 2> Copyright © 1990-2021 Olly Betts
 3> 
 4> Survey contains 706 survey stations, joined by 706 shots.
 5> There are 3 loops.
 6> Survey has 3 connected components.
 7> Total length of survey shots =  364.51m ( 364.52m adjusted)
 8> Total plan length of survey shots =  363.14m
 9> Total vertical length of survey shots =   15.09m
10> Vertical range = 5.00m (from 623 at 162.70m to 22 at 157.69m)
11> North-South range = 146.85m (from 18 at 3991613.34m to 621 at 3991466.49m)
12> East-West range = 176.20m (from 18 at 528297.60m to 705 at 528121.40m)
13>  666 1-nodes.
14>    2 2-nodes.
15>    3 6-nodes.
16>    3 10-nodes.
17>    2 13-nodes.
18>    1 14-node.
19>    6 15-nodes.
20>    2 16-nodes.
21>    2 17-nodes.
22>    2 18-nodes.
23>    1 20-node.
24>    2 21-nodes.
25>    1 22-node.
26>    1 23-node.
27>    4 25-nodes.
28>    1 26-node.
29>    2 27-nodes.
30>    1 28-node.
31>    1 31-node.
32>    1 32-node.
33>    1 36-node.
34>    1 48-node.
35> 
######################### transcription ########################
 4> 706 : ent@survey -- 706 : ent@survey
 5> 3 : .@trip_1_survey.survey
 6> 3 : .@trip_1_survey.survey
10> 623 : .@trip_2_survey.survey -- 22 : .@trip_1_survey.survey
11> 18 : .@trip_1_survey.survey -- 621 : .@trip_2_survey.survey
12> 18 : .@trip_1_survey.survey -- 705 : A36@trip_2_survey.survey
13> 666 : .@trip_2_survey.survey
14> 2 : .@trip_1_survey.survey
15> 3 : .@trip_1_survey.survey
16> 3 : .@trip_1_survey.survey
17> 2 : .@trip_1_survey.survey
18> 1 : A1@trip_1_survey.survey
19> 6 : .@trip_1_survey.survey
20> 2 : .@trip_1_survey.survey
21> 2 : .@trip_1_survey.survey
22> 2 : .@trip_1_survey.survey
23> 1 : A1@trip_1_survey.survey
24> 2 : .@trip_1_survey.survey
25> 1 : A1@trip_1_survey.survey
26> 1 : A1@trip_1_survey.survey
27> 4 : .@trip_1_survey.survey
28> 1 : A1@trip_1_survey.survey
29> 2 : .@trip_1_survey.survey
30> 1 : A1@trip_1_survey.survey
31> 1 : A1@trip_1_survey.survey
32> 1 : A1@trip_1_survey.survey
33> 1 : A1@trip_1_survey.survey
34> 1 : A1@trip_1_survey.survey
#################### end of cavern log file ####################
done
calculating basic statistics ... done
processing extended elevation ... done
processing references ... done
selecting export objects ... done
writing output/lineplots/DA14 Mill Creek Cave Model.3d ... done
writing output/lineplots/DA14 Mill Creek Cave Model.ersi ... done
writing output/lineplots/DA14 Mill Creek Cave Model.plt ... done
writing output/lineplots/DA14 Mill Creek Cave Model.lox ...
processing projection plan ... done
average distortion: 0.05%
.
therion: warning -- trip_1_scrap@trip_1_survey.survey -- multiple scrap outer outlines not supported yet
. done
writing output/lineplots/DA14 Mill Creek Cave KML.kml ... done


############### export maps & scraps selection #################
M   160.62 map_1@survey ()
M   160.32 trip_1_map@trip_1_survey.survey ()
S   160.32 trip_1_scrap@trip_1_survey.survey ()
M   160.92 trip_2_map@trip_2_survey.survey ()
S   160.92 trip_2_scrap@trip_2_survey.survey ()
########## end of export maps & scraps selection ###############
writing output/maps/final/DA14 Mill Creek Cave Plan.pdf ...
processing projection none ... done
####################### metapost log file ########################
This is MetaPost, version 2.02 (TeX Live 2022) (kpathsea version 6.3.4)  24 MAY 2023 09:10
**data.mp
(/usr/local/texlive/2022/texmf-dist/metapost/base/mpost.mp
(/usr/local/texlive/2022/texmf-dist/metapost/base/plain.mp
Preloading the plain mem file, version 1.005) ) (./data.mp
{randomseed:=42}
 [1] [2] [3] [4]
[5] [6] [7] [8] [9] [10] [11] [12] [13] [14]
[1] [2] [3] [4] [5] [6] [7] [8] [9] [10] [11] [12] [13] [14] [15] [16] [17]
[18] [19] [20] [21] [22] [23] [24] [25] [26] [27] [28] [29] [30] [31] [32]
[33] [34] [35] [36]
[Warning: scrap outline intersects itself in scrap Mill_Creek_5_23_23-xx6@trip_
2_survey.survey] [37] [38] [39]
[Warning: scrap outline intersects itself in scrap Mill_Creek_5_23_23-xx5@trip_
2_survey.survey] [40] [41] [42] [43] [44] [45]
[Warning: scrap outline intersects itself in scrap Mill_Creek_5_23_23-xx3@trip_
2_survey.survey] [46] [47] [48] [49] [50] [51] [52] [53] [54] [55] [56] [57]
(./mptextmp.mp) [58] [59] [60] [61] [62] [63] [64] [65] [66] [67] [68] [69]
[70] [71] [72] [73] [74] [75] [76] [77] [78] [79] [80] [81] [82] [83] [84]
[85] )
 
Here is how much of MetaPost's memory you used:
 28049 strings using 626479 characters
 4339888 bytes of node memory
 1878 symbolic tokens
 8i,82n,16p,665b,5f stack positions out of 16i,98n,20p,760b,6f
99 output files written: data-patt.1 .. data.85


#################### end of metapost log file ####################
converting scraps ... done
making map ... done
######################## pdftex log file #########################
This is pdfTeX, Version 3.141592653-2.6-1.40.24 (TeX Live 2022) (preloaded format=pdftex 2022.9.8)  24 MAY 2023 09:10
entering extended mode
 restricted \write18 enabled.
 %&-line parsing enabled.
**data.tex
(./data.tex (./th_enc.tex) (./th_texts.tex) (./th_resources.tex
(/usr/local/texlive/2022/texmf-dist/tex/generic/pdftex/glyphtounicode.tex))
(./th_fontdef.tex{/usr/local/texlive/2022/texmf-var/fonts/map/pdftex/updmap/pdf
tex.map})
(./th_formdef.tex) (./th_pagedef.tex (./th_legend.tex)) (./th_pages.tex)
 175 numeric registers used out of 32768

[1] ) 
Here is how much of TeX's memory you used:
 400 strings out of 494594
 5285 string characters out of 6146452
 249701 words of memory out of 5000000
 2055 multiletter control sequences out of 15000+600000
 21229 words of font info for 66 fonts, out of 8000000 for 9000
 1416 hyphenation exceptions out of 8191
 12i,5n,7p,337b,78s stack positions out of 10000i,1000n,20000p,200000b,200000s
</usr/local/texlive/2022/texmf-dist/fonts/type1/public/amsfonts/cm/cmss10.
pfb></usr/local/texlive/2022/texmf-dist/fonts/type1/public/amsfonts/cm/cmssi10.
pfb>
Output written on data.pdf (1 page, 353486 bytes).
PDF statistics:
 288 PDF objects out of 1000 (max. 8388607)
 147 compressed objects within 2 object streams
 0 named destinations out of 1000 (max. 500000)
 815 words of extra memory for PDF output out of 10000 (max. 10000000)


##################### end of pdftex log file #####################
done


############### export maps & scraps selection #################
M   160.62 map_1@survey ()
M   160.32 trip_1_map@trip_1_survey.survey ()
S   160.32 trip_1_scrap@trip_1_survey.survey ()
M   160.92 trip_2_map@trip_2_survey.survey ()
S   160.92 trip_2_scrap@trip_2_survey.survey ()
########## end of export maps & scraps selection ###############
writing output/maps/final/DA14 Mill Creek Cave Plan (No Labels).pdf ...
####################### metapost log file ########################
This is MetaPost, version 2.02 (TeX Live 2022) (kpathsea version 6.3.4)  24 MAY 2023 09:10
**data.mp
(/usr/local/texlive/2022/texmf-dist/metapost/base/mpost.mp
(/usr/local/texlive/2022/texmf-dist/metapost/base/plain.mp
Preloading the plain mem file, version 1.005) ) (./data.mp
{randomseed:=42}
 [1] [2] [3] [4]
[5] [6] [7] [8] [9] [10] [11] [12] [13] [14]
[1] [2] [3] [4] [5] [6] [7] [8] [9] [10] [11] [12] [13] [14] [15] [16] [17]
[18] [19] [20] [21] [22] [23] [24] [25] [26] [27] [28] [29] [30] [31] [32]
[33] [34] [35]
[Warning: scrap outline intersects itself in scrap Mill_Creek_5_23_23-xx6@trip_
2_survey.survey] [36] [37] [38]
[Warning: scrap outline intersects itself in scrap Mill_Creek_5_23_23-xx5@trip_
2_survey.survey] [39] [40] [41] [42] [43] [44]
[Warning: scrap outline intersects itself in scrap Mill_Creek_5_23_23-xx3@trip_
2_survey.survey] [45] [46] [47] [48] [49] [50] [51] [52] [53] [54] [55] [56]
(./mptextmp.mp) [57] [58] [59] [60] [61] [62] [63] [64] [65] [66] [67] [68]
[69] [70] [71] [72] [73] [74] [75] [76] [77] [78] [79] [80] [81] [82] [83] )
 
Here is how much of MetaPost's memory you used:
 27476 strings using 607729 characters
 4339888 bytes of node memory
 1874 symbolic tokens
 8i,82n,13p,312b,5f stack positions out of 16i,98n,16p,312b,6f
97 output files written: data-patt.1 .. data.83


#################### end of metapost log file ####################
converting scraps ... done
making map ... done
######################## pdftex log file #########################
This is pdfTeX, Version 3.141592653-2.6-1.40.24 (TeX Live 2022) (preloaded format=pdftex 2022.9.8)  24 MAY 2023 09:10
entering extended mode
 restricted \write18 enabled.
 %&-line parsing enabled.
**data.tex
(./data.tex (./th_enc.tex) (./th_texts.tex) (./th_resources.tex
(/usr/local/texlive/2022/texmf-dist/tex/generic/pdftex/glyphtounicode.tex))
(./th_fontdef.tex{/usr/local/texlive/2022/texmf-var/fonts/map/pdftex/updmap/pdf
tex.map})
(./th_formdef.tex) (./th_pagedef.tex (./th_legend.tex)) (./th_pages.tex)
 173 numeric registers used out of 32768

[1] ) 
Here is how much of TeX's memory you used:
 398 strings out of 494594
 5267 string characters out of 6146452
 249701 words of memory out of 5000000
 2053 multiletter control sequences out of 15000+600000
 21229 words of font info for 66 fonts, out of 8000000 for 9000
 1416 hyphenation exceptions out of 8191
 12i,5n,7p,337b,78s stack positions out of 10000i,1000n,20000p,200000b,200000s
</usr/local/texlive/2022/texmf-dist/fonts/type1/public/amsfonts/cm/cmss10.
pfb></usr/local/texlive/2022/texmf-dist/fonts/type1/public/amsfonts/cm/cmssi10.
pfb>
Output written on data.pdf (1 page, 351459 bytes).
PDF statistics:
 284 PDF objects out of 1000 (max. 8388607)
 145 compressed objects within 2 object streams
 0 named destinations out of 1000 (max. 500000)
 803 words of extra memory for PDF output out of 10000 (max. 10000000)


##################### end of pdftex log file #####################
done


############### export maps & scraps selection #################
M   160.62 map_1@survey ()
M   160.32 trip_1_map@trip_1_survey.survey ()
S   160.32 trip_1_scrap@trip_1_survey.survey ()
M   160.92 trip_2_map@trip_2_survey.survey ()
S   160.92 trip_2_scrap@trip_2_survey.survey ()
########## end of export maps & scraps selection ###############
writing output/maps/final/DA14 Mill Creek Cave Plan (No Labels) (Altitude).pdf ...
####################### metapost log file ########################
This is MetaPost, version 2.02 (TeX Live 2022) (kpathsea version 6.3.4)  24 MAY 2023 09:10
**data.mp
(/usr/local/texlive/2022/texmf-dist/metapost/base/mpost.mp
(/usr/local/texlive/2022/texmf-dist/metapost/base/plain.mp
Preloading the plain mem file, version 1.005) ) (./data.mp
{randomseed:=42}
 [1] [2] [3] [4]
[5] [6] [7] [8] [9] [10] [11] [12] [13] [14]
[1] [2] [3] [4] [5] [6] [7] [8] [9] [10] [11] [12] [13] [14] [15] [16] [17]
[18] [19] [20] [21] [22] [23] [24] [25] [26] [27] [28] [29] [30] [31] [32]
[33] [34] [35]
[Warning: scrap outline intersects itself in scrap Mill_Creek_5_23_23-xx6@trip_
2_survey.survey] [36] [37] [38]
[Warning: scrap outline intersects itself in scrap Mill_Creek_5_23_23-xx5@trip_
2_survey.survey] [39] [40] [41] [42] [43] [44]
[Warning: scrap outline intersects itself in scrap Mill_Creek_5_23_23-xx3@trip_
2_survey.survey] [45] [46] [47] [48] [49] [50] [51] [52] [53] [54] [55] [56]
(./mptextmp.mp) [57] (./mptextmp.mp) (./mptextmp.mp) (./mptextmp.mp)
(./mptextmp.mp) (./mptextmp.mp) [58] [59] [60] [61] [62] [63] [64] [65] [66]
[67] [68] [69] [70] [71] [72] [73] [74] [75] [76] [77] [78] [79] [80] [81]
[82] [83] [84] )
 
Here is how much of MetaPost's memory you used:
 27630 strings using 611457 characters
 4339888 bytes of node memory
 1875 symbolic tokens
 10i,82n,19p,460b,5f stack positions out of 16i,98n,22p,487b,6f
98 output files written: data-patt.1 .. data.84


#################### end of metapost log file ####################
converting scraps ... done
making map ... done
######################## pdftex log file #########################
This is pdfTeX, Version 3.141592653-2.6-1.40.24 (TeX Live 2022) (preloaded format=pdftex 2022.9.8)  24 MAY 2023 09:11
entering extended mode
 restricted \write18 enabled.
 %&-line parsing enabled.
**data.tex
(./data.tex (./th_enc.tex) (./th_texts.tex) (./th_resources.tex
(/usr/local/texlive/2022/texmf-dist/tex/generic/pdftex/glyphtounicode.tex))
(./th_fontdef.tex{/usr/local/texlive/2022/texmf-var/fonts/map/pdftex/updmap/pdf
tex.map}<<th_gour_aaaaaaa.dat>><<th_gour_aaaaaba.dat>>)
(./th_formdef.tex) (./th_pagedef.tex (./th_legendcolor.tex) (./th_legend.tex))
(./th_pages.tex)
 182 numeric registers used out of 32768
 [1] ) 
Here is how much of TeX's memory you used:
 410 strings out of 494594
 5377 string characters out of 6146452
 254710 words of memory out of 5000000
 2062 multiletter control sequences out of 15000+600000
 21229 words of font info for 66 fonts, out of 8000000 for 9000
 1416 hyphenation exceptions out of 8191
 12i,6n,7p,388b,78s stack positions out of 10000i,1000n,20000p,200000b,200000s
</usr/local/texlive/2022/texmf-dist/fonts/type1/public/amsfonts/cm/cmss10
.pfb></usr/local/texlive/2022/texmf-dist/fonts/type1/public/amsfonts/cm/cmssi10
.pfb>
Output written on data.pdf (1 page, 356361 bytes).
PDF statistics:
 300 PDF objects out of 1000 (max. 8388607)
 156 compressed objects within 2 object streams
 0 named destinations out of 1000 (max. 500000)
 861 words of extra memory for PDF output out of 10000 (max. 10000000)


##################### end of pdftex log file #####################
done


############### export maps & scraps selection #################
M   160.62 map_1@survey ()
M   160.32 trip_1_map@trip_1_survey.survey ()
S   160.32 trip_1_scrap@trip_1_survey.survey ()
M   160.92 trip_2_map@trip_2_survey.survey ()
S   160.92 trip_2_scrap@trip_2_survey.survey ()
########## end of export maps & scraps selection ###############
writing output/maps/final/DA14 Mill Creek Cave Plan (Altitude).pdf ...
####################### metapost log file ########################
This is MetaPost, version 2.02 (TeX Live 2022) (kpathsea version 6.3.4)  24 MAY 2023 09:11
**data.mp
(/usr/local/texlive/2022/texmf-dist/metapost/base/mpost.mp
(/usr/local/texlive/2022/texmf-dist/metapost/base/plain.mp
Preloading the plain mem file, version 1.005) ) (./data.mp
{randomseed:=42}
 [1] [2] [3] [4]
[5] [6] [7] [8] [9] [10] [11] [12] [13] [14]
[1] [2] [3] [4] [5] [6] [7] [8] [9] [10] [11] [12] [13] [14] [15] [16] [17]
[18] [19] [20] [21] [22] [23] [24] [25] [26] [27] [28] [29] [30] [31] [32]
[33] [34] [35] [36]
[Warning: scrap outline intersects itself in scrap Mill_Creek_5_23_23-xx6@trip_
2_survey.survey] [37] [38] [39]
[Warning: scrap outline intersects itself in scrap Mill_Creek_5_23_23-xx5@trip_
2_survey.survey] [40] [41] [42] [43] [44] [45]
[Warning: scrap outline intersects itself in scrap Mill_Creek_5_23_23-xx3@trip_
2_survey.survey] [46] [47] [48] [49] [50] [51] [52] [53] [54] [55] [56] [57]
(./mptextmp.mp) [58] (./mptextmp.mp) (./mptextmp.mp) (./mptextmp.mp)
(./mptextmp.mp) (./mptextmp.mp) [59] [60] [61] [62] [63] [64] [65] [66] [67]
[68] [69] [70] [71] [72] [73] [74] [75] [76] [77] [78] [79] [80] [81] [82]
[83] [84] [85] [86] )
 
Here is how much of MetaPost's memory you used:
 28203 strings using 630207 characters
 4339888 bytes of node memory
 1879 symbolic tokens
 10i,82n,19p,665b,5f stack positions out of 16i,98n,20p,760b,6f
100 output files written: data-patt.1 .. data.86


#################### end of metapost log file ####################
converting scraps ... done
making map ... done
######################## pdftex log file #########################
This is pdfTeX, Version 3.141592653-2.6-1.40.24 (TeX Live 2022) (preloaded format=pdftex 2022.9.8)  24 MAY 2023 09:11
entering extended mode
 restricted \write18 enabled.
 %&-line parsing enabled.
**data.tex
(./data.tex (./th_enc.tex) (./th_texts.tex) (./th_resources.tex
(/usr/local/texlive/2022/texmf-dist/tex/generic/pdftex/glyphtounicode.tex))
(./th_fontdef.tex{/usr/local/texlive/2022/texmf-var/fonts/map/pdftex/updmap/pdf
tex.map}<<th_gour_aaaaaaa.dat>><<th_gour_aaaaaba.dat>>)
(./th_formdef.tex) (./th_pagedef.tex (./th_legendcolor.tex) (./th_legend.tex))
(./th_pages.tex)
 184 numeric registers used out of 32768
 [1] ) 
Here is how much of TeX's memory you used:
 412 strings out of 494594
 5395 string characters out of 6146452
 254710 words of memory out of 5000000
 2064 multiletter control sequences out of 15000+600000
 21229 words of font info for 66 fonts, out of 8000000 for 9000
 1416 hyphenation exceptions out of 8191
 12i,6n,7p,388b,78s stack positions out of 10000i,1000n,20000p,200000b,200000s
</usr/local/texlive/2022/texmf-dist/fonts/type1/public/amsfonts/cm/cmss10
.pfb></usr/local/texlive/2022/texmf-dist/fonts/type1/public/amsfonts/cm/cmssi10
.pfb>
Output written on data.pdf (1 page, 358382 bytes).
PDF statistics:
 304 PDF objects out of 1000 (max. 8388607)
 158 compressed objects within 2 object streams
 0 named destinations out of 1000 (max. 500000)
 873 words of extra memory for PDF output out of 10000 (max. 10000000)


##################### end of pdftex log file #####################
done


############### export maps & scraps selection #################
M   160.62 map_1@survey ()
M   160.32 trip_1_map@trip_1_survey.survey ()
S   160.32 trip_1_scrap@trip_1_survey.survey ()
M   160.92 trip_2_map@trip_2_survey.survey ()
S   160.92 trip_2_scrap@trip_2_survey.survey ()
########## end of export maps & scraps selection ###############
writing output/maps/working/DA14 Mill Creek Cave Plan (Working).pdf ...
####################### metapost log file ########################
This is MetaPost, version 2.02 (TeX Live 2022) (kpathsea version 6.3.4)  24 MAY 2023 09:11
**data.mp
(/usr/local/texlive/2022/texmf-dist/metapost/base/mpost.mp
(/usr/local/texlive/2022/texmf-dist/metapost/base/plain.mp
Preloading the plain mem file, version 1.005) ) (./data.mp
{randomseed:=42}
 [1] [2] [3] [4]
[5] [6] [7] [8] [9] [10] [11] [12] [13] [14]
[1] [2] [3] [4] [5] [6] [7] [8] [9] [10] [11] [12] [13] [14] [15] [16] [17]
[18] [19] [20] [21] [22] [23] [24] [25] [26] [27] [28] [29] [30] [31] [32]
[33] [34] [35] [36]
[Warning: scrap outline intersects itself in scrap Mill_Creek_5_23_23-xx6@trip_
2_survey.survey] [37] [38] [39]
[Warning: scrap outline intersects itself in scrap Mill_Creek_5_23_23-xx5@trip_
2_survey.survey] [40] [41] [42] [43] [44] [45]
[Warning: scrap outline intersects itself in scrap Mill_Creek_5_23_23-xx3@trip_
2_survey.survey] [46] [47] [48] [49] [50] [51] [52] [53] [54] [55] [56] [57]
(./mptextmp.mp) [58] [59] [60] [61] [62] [63] [64] [65] [66] [67] [68] [69]
[70] [71] [72] [73] [74] [75] [76] [77] [78] [79] [80] [81] [82] [83] [84]
[85] )
 
Here is how much of MetaPost's memory you used:
 32711 strings using 781591 characters
 4339824 bytes of node memory
 1879 symbolic tokens
 9i,82n,20p,665b,5f stack positions out of 16i,98n,25p,760b,6f
99 output files written: data-patt.1 .. data.85


#################### end of metapost log file ####################
converting scraps ... done
making map ... done
######################## pdftex log file #########################
This is pdfTeX, Version 3.141592653-2.6-1.40.24 (TeX Live 2022) (preloaded format=pdftex 2022.9.8)  24 MAY 2023 09:11
entering extended mode
 restricted \write18 enabled.
 %&-line parsing enabled.
**data.tex
(./data.tex (./th_enc.tex) (./th_texts.tex) (./th_resources.tex
(/usr/local/texlive/2022/texmf-dist/tex/generic/pdftex/glyphtounicode.tex))
(./th_fontdef.tex{/usr/local/texlive/2022/texmf-var/fonts/map/pdftex/updmap/pdf
tex.map})
(./th_formdef.tex) (./th_pagedef.tex (./th_legend.tex)) (./th_pages.tex)
 175 numeric registers used out of 32768

[1] ) 
Here is how much of TeX's memory you used:
 400 strings out of 494594
 5285 string characters out of 6146452
 247922 words of memory out of 5000000
 2055 multiletter control sequences out of 15000+600000
 21229 words of font info for 66 fonts, out of 8000000 for 9000
 1416 hyphenation exceptions out of 8191
 12i,5n,7p,337b,78s stack positions out of 10000i,1000n,20000p,200000b,200000s
</usr/local/texlive/2022/texmf-dist/fonts/type1/public/amsfonts/cm/cmss10.
pfb></usr/local/texlive/2022/texmf-dist/fonts/type1/public/amsfonts/cm/cmssi10.
pfb>
Output written on data.pdf (1 page, 361655 bytes).
PDF statistics:
 288 PDF objects out of 1000 (max. 8388607)
 147 compressed objects within 2 object streams
 0 named destinations out of 1000 (max. 500000)
 815 words of extra memory for PDF output out of 10000 (max. 10000000)


##################### end of pdftex log file #####################
done


############### export maps & scraps selection #################
M   160.62 map_1@survey ()
M   160.32 trip_1_map@trip_1_survey.survey ()
S   160.32 trip_1_scrap@trip_1_survey.survey ()
M   160.92 trip_2_map@trip_2_survey.survey ()
S   160.92 trip_2_scrap@trip_2_survey.survey ()
########## end of export maps & scraps selection ###############
writing output/maps/working/DA14 Mill Creek Cave Plan (Working Altitude).pdf ...
####################### metapost log file ########################
This is MetaPost, version 2.02 (TeX Live 2022) (kpathsea version 6.3.4)  24 MAY 2023 09:11
**data.mp
(/usr/local/texlive/2022/texmf-dist/metapost/base/mpost.mp
(/usr/local/texlive/2022/texmf-dist/metapost/base/plain.mp
Preloading the plain mem file, version 1.005) ) (./data.mp
{randomseed:=42}
 [1] [2] [3] [4]
[5] [6] [7] [8] [9] [10] [11] [12] [13] [14]
[1] [2] [3] [4] [5] [6] [7] [8] [9] [10] [11] [12] [13] [14] [15] [16] [17]
[18] [19] [20] [21] [22] [23] [24] [25] [26] [27] [28] [29] [30] [31] [32]
[33] [34] [35] [36]
[Warning: scrap outline intersects itself in scrap Mill_Creek_5_23_23-xx6@trip_
2_survey.survey] [37] [38] [39]
[Warning: scrap outline intersects itself in scrap Mill_Creek_5_23_23-xx5@trip_
2_survey.survey] [40] [41] [42] [43] [44] [45]
[Warning: scrap outline intersects itself in scrap Mill_Creek_5_23_23-xx3@trip_
2_survey.survey] [46] [47] [48] [49] [50] [51] [52] [53] [54] [55] [56] [57]
(./mptextmp.mp) [58] (./mptextmp.mp) (./mptextmp.mp) (./mptextmp.mp)
(./mptextmp.mp) (./mptextmp.mp) [59] [60] [61] [62] [63] [64] [65] [66] [67]
[68] [69] [70] [71] [72] [73] [74] [75] [76] [77] [78] [79] [80] [81] [82]
[83] [84] [85] [86] )
 
Here is how much of MetaPost's memory you used:
 32865 strings using 785319 characters
 4339824 bytes of node memory
 1880 symbolic tokens
 10i,82n,20p,665b,5f stack positions out of 16i,98n,25p,760b,6f
100 output files written: data-patt.1 .. data.86


#################### end of metapost log file ####################
converting scraps ... done
making map ... done
######################## pdftex log file #########################
This is pdfTeX, Version 3.141592653-2.6-1.40.24 (TeX Live 2022) (preloaded format=pdftex 2022.9.8)  24 MAY 2023 09:11
entering extended mode
 restricted \write18 enabled.
 %&-line parsing enabled.
**data.tex
(./data.tex (./th_enc.tex) (./th_texts.tex) (./th_resources.tex
(/usr/local/texlive/2022/texmf-dist/tex/generic/pdftex/glyphtounicode.tex))
(./th_fontdef.tex{/usr/local/texlive/2022/texmf-var/fonts/map/pdftex/updmap/pdf
tex.map}<<th_gour_aaaaaaa.dat>><<th_gour_aaaaaba.dat>>)
(./th_formdef.tex) (./th_pagedef.tex (./th_legendcolor.tex) (./th_legend.tex))
(./th_pages.tex)
 184 numeric registers used out of 32768
 [1] ) 
Here is how much of TeX's memory you used:
 412 strings out of 494594
 5395 string characters out of 6146452
 252925 words of memory out of 5000000
 2064 multiletter control sequences out of 15000+600000
 21229 words of font info for 66 fonts, out of 8000000 for 9000
 1416 hyphenation exceptions out of 8191
 12i,6n,7p,388b,78s stack positions out of 10000i,1000n,20000p,200000b,200000s
</usr/local/texlive/2022/texmf-dist/fonts/type1/public/amsfonts/cm/cmss10
.pfb></usr/local/texlive/2022/texmf-dist/fonts/type1/public/amsfonts/cm/cmssi10
.pfb>
Output written on data.pdf (1 page, 366410 bytes).
PDF statistics:
 304 PDF objects out of 1000 (max. 8388607)
 158 compressed objects within 2 object streams
 0 named destinations out of 1000 (max. 500000)
 873 words of extra memory for PDF output out of 10000 (max. 10000000)


##################### end of pdftex log file #####################
done
writing output/leads/DA14 Mill Creek Cave Leads.html ... done
writing xtherion file ... done
compilation time: 7 sec


######################### loop errors ##########################
REL-ERR ABS-ERR TOTAL-L STS X-ERROR Y-ERROR Z-ERROR STATIONS
  1.03%    0.3m   30.6m   5    0.1m   -0.3m   -0.1m [A7@trip_1_survey.survey - A8 - A9 - B2 - B1 - A7]
##################### end of loop errors #######################


###################### scrap distortions #######################
 PROJECTION: plan
 AVERAGE  MAXIMAL  SCRAP
   0.07%   28.80%  trip_1_scrap@trip_1_survey.survey
   0.01%    0.24%  trip_2_scrap@trip_2_survey.survey
################### end of scrap distortions ###################

############# CRS transformations chosen by PROJ ###############
  Area of Use (AoU): (-86.686, 36.069) (-86.686, 36.069)
  [LONG-LAT → LAT-LONG] AoU: [no] transformation: [axis order change (2D) + Null geographic offset from WGS 84 to WGS 84 + axis order change (2D)] definition: [proj=noop ellps=GRS80] accuracy: [0.000 m]
  [LONG-LAT → LAT-LONG] AoU: [yes] transformation: [axis order change (2D) + Null geographic offset from WGS 84 to WGS 84 + axis order change (2D)] definition: [proj=noop ellps=GRS80] accuracy: [0.000 m]
  [LONG-LAT → UTM16] AoU: [yes] transformation: [axis order change (2D) + UTM zone 16N] definition: [proj=pipeline step proj=unitconvert xy_in=deg xy_out=rad step proj=utm zone=16 ellps=WGS84] accuracy: [0.000 m]
  [LONG-LAT → EPSG:4326] AoU: [yes] transformation: [axis order change (2D) + Null geographic offset from WGS 84 to WGS 84 + axis order change (2D)] definition: [proj=noop ellps=GRS80] accuracy: [0.000 m]
  [UTM16 → LONG-LAT] AoU: [yes] transformation: [Inverse of UTM zone 16N + axis order change (2D)] definition: [proj=pipeline step inv proj=utm zone=16 ellps=WGS84 step proj=unitconvert xy_in=rad xy_out=deg] accuracy: [0.000 m]
  [UTM16 → EPSG:4326] AoU: [yes] transformation: [Inverse of UTM zone 16N + axis order change (2D)] definition: [proj=pipeline step inv proj=utm zone=16 ellps=WGS84 step proj=unitconvert xy_in=rad xy_out=deg] accuracy: [0.000 m]
  [EPSG:4326 → UTM16] AoU: [yes] transformation: [axis order change (2D) + UTM zone 16N] definition: [proj=pipeline step proj=unitconvert xy_in=deg xy_out=rad step proj=utm zone=16 ellps=WGS84] accuracy: [0.000 m]
########## end of CRS transformations chosen by PROJ ###########
